[Sunday/September 22/09/2024 21:06:51] /run/media/im7ls/Data/server/Media/tv/Game.of.Thrones.Complete.Series.Season.1.2.3.4.5.6.7.8.x264.720p/Season 4/GoT.S04E07.Mockingbird.720p.mkv | length=3065.276 | time=1651.947
[Sunday/September 22/09/2024 21:11:38] /run/media/im7ls/Data/server/Media/tv/Game.of.Thrones.Complete.Series.Season.1.2.3.4.5.6.7.8.x264.720p/Season 5/GoT.S05E10.Mother's.Mercy.720p.mkv | length=3615.075 | time=2480.525
[Sunday/September 22/09/2024 21:12:57] /run/media/im7ls/Data/server/Media/tv/Game.of.Thrones.Complete.Series.Season.1.2.3.4.5.6.7.8.x264.720p/Season 6/GoT.S06E03.Oathbreaker.720p.mkv | length=3132.259 | time=2087.757
[Sunday/September 22/09/2024 21:20:34] /run/media/im7ls/Data/server/Media/tv/Game.of.Thrones.Complete.Series.Season.1.2.3.4.5.6.7.8.x264.720p/Season 6/GoT.S06E01.The.Red.Woman.720p.mkv | length=3004.251 | time=2799.63
[Sunday/September 22/09/2024 21:20:40] /run/media/im7ls/Data/server/Media/tv/Game.of.Thrones.Complete.Series.Season.1.2.3.4.5.6.7.8.x264.720p/Season 6/GoT.S06E02.Home.720p.mkv | length=3222.496 | time=2413.541
[Sunday/September 22/09/2024 21:21:05] /run/media/im7ls/Data/server/Media/tv/Game.of.Thrones.Complete.Series.Season.1.2.3.4.5.6.7.8.x264.720p/Season 6/GoT.S06E02.Home.720p.mkv | length=3222.496 | time=2919.338
[Sunday/September 22/09/2024 21:21:16] /run/media/im7ls/Data/server/Media/tv/Game.of.Thrones.Complete.Series.Season.1.2.3.4.5.6.7.8.x264.720p/Season 6/GoT.S06E08.No.One.720p.mkv | length=3500.8 | time=2829.707
[Sunday/September 22/09/2024 21:21:33] /run/media/im7ls/Data/server/Media/tv/Game.of.Thrones.Complete.Series.Season.1.2.3.4.5.6.7.8.x264.720p/Season 5/GoT.S05E03.High.Sparrow.720p.mkv | length=3596.832 | time=2847.933
[Sunday/September 22/09/2024 21:21:40] /run/media/im7ls/Data/server/Media/tv/Game.of.Thrones.Complete.Series.Season.1.2.3.4.5.6.7.8.x264.720p/Season 5/GoT.S05E01.The.Wars.To.Come.720p.mkv | length=3131.55 | time=2383.136
[Sunday/September 22/09/2024 21:21:43] /run/media/im7ls/Data/server/Media/tv/Game.of.Thrones.Complete.Series.Season.1.2.3.4.5.6.7.8.x264.720p/Season 5/GoT.S05E04.Sons.Of.The.Harpy.720p.mkv | length=3025.664 | time=2407.285
[Sunday/September 22/09/2024 21:21:58] /run/media/im7ls/Data/server/Media/tv/Game.of.Thrones.Complete.Series.Season.1.2.3.4.5.6.7.8.x264.720p/Season 5/GoT.S05E06.Unbowed.Unbent.Unbroken.720p.mkv | length=3222.08 | time=2633.594
[Sunday/September 22/09/2024 21:22:01] /run/media/im7ls/Data/server/Media/tv/Game.of.Thrones.Complete.Series.Season.1.2.3.4.5.6.7.8.x264.720p/Season 5/GoT.S05E01.The.Wars.To.Come.720p.mkv | length=3131.55 | time=2595.515
[Sunday/September 22/09/2024 21:22:07] /run/media/im7ls/Data/server/Media/tv/Game.of.Thrones.Complete.Series.Season.1.2.3.4.5.6.7.8.x264.720p/Season 5/GoT.S05E07.The.Gift.720p.mkv | length=3531.84 | time=2645.606
[Sunday/September 22/09/2024 21:22:11] /run/media/im7ls/Data/server/Media/tv/Game.of.Thrones.Complete.Series.Season.1.2.3.4.5.6.7.8.x264.720p/Season 5/GoT.S05E02.The.House.Of.Black.And.White.720p.mkv | length=3334.753 | time=2744.121
[Sunday/September 22/09/2024 21:22:13] /run/media/im7ls/Data/server/Media/tv/Game.of.Thrones.Complete.Series.Season.1.2.3.4.5.6.7.8.x264.720p/Season 5/GoT.S05E08.Hardhome.720p.mkv | length=3603.04 | time=2988.324
[Sunday/September 22/09/2024 21:22:16] /run/media/im7ls/Data/server/Media/tv/Game.of.Thrones.Complete.Series.Season.1.2.3.4.5.6.7.8.x264.720p/Season 5/GoT.S05E09.The.Dance.Of.Dragons.720p.mkv | length=3142.978 | time=2620.832
[Sunday/September 22/09/2024 21:22:19] /run/media/im7ls/Data/server/Media/tv/Game.of.Thrones.Complete.Series.Season.1.2.3.4.5.6.7.8.x264.720p/Season 5/GoT.S05E04.Sons.Of.The.Harpy.720p.mkv | length=3025.664 | time=2467.512
[Sunday/September 22/09/2024 21:22:22] /run/media/im7ls/Data/server/Media/tv/Game.of.Thrones.Complete.Series.Season.1.2.3.4.5.6.7.8.x264.720p/Season 5/GoT.S05E10.Mother's.Mercy.720p.mkv | length=3615.075 | time=3003.923
[Sunday/September 22/09/2024 21:22:25] /run/media/im7ls/Data/server/Media/tv/Game.of.Thrones.Complete.Series.Season.1.2.3.4.5.6.7.8.x264.720p/Season 5/GoT.S05E05.Kill.The.Boy.720p.mkv | length=3402.24 | time=2754.84
[Sunday/September 22/09/2024 21:22:27] /run/media/im7ls/Data/server/Media/tv/Game.of.Thrones.Complete.Series.Season.1.2.3.4.5.6.7.8.x264.720p/Season 5/GoT.S05E06.Unbowed.Unbent.Unbroken.720p.mkv | length=3222.08 | time=853.858
[Sunday/September 22/09/2024 21:22:30] /run/media/im7ls/Data/server/Media/tv/Game.of.Thrones.Complete.Series.Season.1.2.3.4.5.6.7.8.x264.720p/Season 5/GoT.S05E05.Kill.The.Boy.720p.mkv | length=3402.24 | time=1103.19
[Sunday/September 22/09/2024 21:22:34] /run/media/im7ls/Data/server/Media/tv/Game.of.Thrones.Complete.Series.Season.1.2.3.4.5.6.7.8.x264.720p/Season 5/GoT.S05E10.Mother's.Mercy.720p.mkv | length=3615.075 | time=3126.337
[Sunday/September 22/09/2024 21:22:36] /run/media/im7ls/Data/server/Media/tv/Game.of.Thrones.Complete.Series.Season.1.2.3.4.5.6.7.8.x264.720p/Season 5/GoT.S05E05.Kill.The.Boy.720p.mkv | length=3402.24 | time=1.34
[Sunday/September 22/09/2024 21:22:40] /run/media/im7ls/Data/server/Media/tv/Game.of.Thrones.Complete.Series.Season.1.2.3.4.5.6.7.8.x264.720p/Season 5/GoT.S05E06.Unbowed.Unbent.Unbroken.720p.mkv | length=3222.08 | time=2795.715
[Sunday/September 22/09/2024 21:22:45] /run/media/im7ls/Data/server/Media/tv/Game.of.Thrones.Complete.Series.Season.1.2.3.4.5.6.7.8.x264.720p/Season 5/GoT.S05E07.The.Gift.720p.mkv | length=3531.84 | time=2323.66
[Sunday/September 22/09/2024 21:22:55] /run/media/im7ls/Data/server/Media/tv/Game.of.Thrones.Complete.Series.Season.1.2.3.4.5.6.7.8.x264.720p/Season 6/GoT.S06E02.Home.720p.mkv | length=3222.496 | time=2566.402
[Sunday/September 22/09/2024 21:22:58] /run/media/im7ls/Data/server/Media/tv/Game.of.Thrones.Complete.Series.Season.1.2.3.4.5.6.7.8.x264.720p/Season 6/GoT.S06E01.The.Red.Woman.720p.mkv | length=3004.251 | time=2219.05
[Sunday/September 22/09/2024 21:23:00] /run/media/im7ls/Data/server/Media/tv/Game.of.Thrones.Complete.Series.Season.1.2.3.4.5.6.7.8.x264.720p/Season 6/GoT.S06E01.The.Red.Woman.720p.mkv | length=3004.251 | time=1027.651
[Sunday/September 22/09/2024 21:23:03] /run/media/im7ls/Data/server/Media/tv/Game.of.Thrones.Complete.Series.Season.1.2.3.4.5.6.7.8.x264.720p/Season 6/GoT.S06E03.Oathbreaker.720p.mkv | length=3132.259 | time=1170.091
[Sunday/September 22/09/2024 21:23:06] /run/media/im7ls/Data/server/Media/tv/Game.of.Thrones.Complete.Series.Season.1.2.3.4.5.6.7.8.x264.720p/Season 6/GoT.S06E03.Oathbreaker.720p.mkv | length=3132.259 | time=1228.065
[Sunday/September 22/09/2024 21:23:24] /run/media/im7ls/Data/server/Media/tv/Game.of.Thrones.Complete.Series.Season.1.2.3.4.5.6.7.8.x264.720p/Season 6/GoT.S06E04.Book.of.the.Stranger.720p.mkv | length=3521.664 | time=3192.069
[Sunday/September 22/09/2024 21:23:35] /run/media/im7ls/Data/server/Media/tv/Game.of.Thrones.Complete.Series.Season.1.2.3.4.5.6.7.8.x264.720p/Season 6/GoT.S06E04.Book.of.the.Stranger.720p.mkv | length=3521.664 | time=1728.857
[Sunday/September 22/09/2024 21:23:38] /run/media/im7ls/Data/server/Media/tv/Game.of.Thrones.Complete.Series.Season.1.2.3.4.5.6.7.8.x264.720p/Season 6/GoT.S06E05.The.Door.720p.mkv | length=3408.128 | time=2007.677
[Sunday/September 22/09/2024 21:23:47] /run/media/im7ls/Data/server/Media/tv/Game.of.Thrones.Complete.Series.Season.1.2.3.4.5.6.7.8.x264.720p/Season 6/GoT.S06E05.The.Door.720p.mkv | length=3408.128 | time=1995.415
[Sunday/September 22/09/2024 21:24:02] /run/media/im7ls/Data/server/Media/tv/Game.of.Thrones.Complete.Series.Season.1.2.3.4.5.6.7.8.x264.720p/Season 6/GoT.S06E06.Blood.of.My.Blood.720p.mkv | length=3087.616 | time=2531.784
[Sunday/September 22/09/2024 21:24:11] /run/media/im7ls/Data/server/Media/tv/Game.of.Thrones.Complete.Series.Season.1.2.3.4.5.6.7.8.x264.720p/Season 6/GoT.S06E06.Blood.of.My.Blood.720p.mkv | length=3087.616 | time=2443.321
[Sunday/September 22/09/2024 21:25:08] /run/media/im7ls/Data/server/Media/tv/Game.of.Thrones.Complete.Series.Season.1.2.3.4.5.6.7.8.x264.720p/Season 6/GoT.S06E07.The.Broken.Man.720p.mkv | length=3020.864 | time=2545.882
[Sunday/September 22/09/2024 21:26:14] /run/media/im7ls/Data/server/Media/tv/Game.of.Thrones.Complete.Series.Season.1.2.3.4.5.6.7.8.x264.720p/Season 6/GoT.S06E07.The.Broken.Man.720p.mkv | length=3020.864 | time=793.381
[Sunday/September 22/09/2024 21:26:22] /run/media/im7ls/Data/server/Media/tv/Game.of.Thrones.Complete.Series.Season.1.2.3.4.5.6.7.8.x264.720p/Season 6/GoT.S06E08.No.One.720p.mkv | length=3500.8 | time=3169.546
[Sunday/September 22/09/2024 21:26:27] /run/media/im7ls/Data/server/Media/tv/Game.of.Thrones.Complete.Series.Season.1.2.3.4.5.6.7.8.x264.720p/Season 6/GoT.S06E08.No.One.720p.mkv | length=3500.8 | time=2277.614
[Sunday/September 22/09/2024 21:26:31] /run/media/im7ls/Data/server/Media/tv/Game.of.Thrones.Complete.Series.Season.1.2.3.4.5.6.7.8.x264.720p/Season 6/GoT.S06E09.Battle.of.the.Bastards.720p.mkv | length=3557.601 | time=2155.742
[Sunday/September 22/09/2024 21:26:35] /run/media/im7ls/Data/server/Media/tv/Game.of.Thrones.Complete.Series.Season.1.2.3.4.5.6.7.8.x264.720p/Season 6/GoT.S06E09.Battle.of.the.Bastards.720p.mkv | length=3557.601 | time=2809.937
[Sunday/September 22/09/2024 21:26:39] /run/media/im7ls/Data/server/Media/tv/Game.of.Thrones.Complete.Series.Season.1.2.3.4.5.6.7.8.x264.720p/Season 6/GoT.S06E10.The.Winds.of.Winter.720p.mkv | length=4081.44 | time=2494.205
[Sunday/September 22/09/2024 21:36:57] /run/media/im7ls/Data/server/Media/tv/Game.of.Thrones.Complete.Series.Season.1.2.3.4.5.6.7.8.x264.720p/Season 6/GoT.S06E10.The.Winds.of.Winter.720p.mkv | length=4081.44 | time=1420.716
[Sunday/September 22/09/2024 21:37:08] /run/media/im7ls/Data/server/Media/tv/Game.of.Thrones.Complete.Series.Season.1.2.3.4.5.6.7.8.x264.720p/Season 6/GoT.S06E06.Blood.of.My.Blood.720p.mkv | length=3087.616 | time=2705.708
[Monday/September 23/09/2024 20:46:00] /mnt/d/Tutorials/[FreeTutorials.Us] Udemy - Complete Java Masterclass - updated for Java 10/1. Introduction/1. Getting Started With This Course.mp4 | length=478.741 | time=1.5
[Monday/September 23/09/2024 20:46:21] /mnt/d/Tutorials/[FreeTutorials.Us] Udemy - Complete Java Masterclass - updated for Java 10/1. Introduction/1. Getting Started With This Course.mp4 | length=478.741 | time=424.7
[Monday/September 23/09/2024 20:46:21] /mnt/d/Tutorials/[FreeTutorials.Us] Udemy - Complete Java Masterclass - updated for Java 10/1. Introduction/1. Getting Started With This Course.mp4 | length=478.741 | time=0
[Monday/September 23/09/2024 20:46:28] /mnt/d/Tutorials/[FreeTutorials.Us] Udemy - Complete Java Masterclass - updated for Java 10/2. Setup/1. Which version of Java should you use.mp4 | length=316.331 | time=284.56666666667
[Monday/September 23/09/2024 20:46:28] /mnt/d/Tutorials/[FreeTutorials.Us] Udemy - Complete Java Masterclass - updated for Java 10/2. Setup/1. Which version of Java should you use.mp4 | length=316.331 | time=0
[Monday/September 23/09/2024 20:46:56] /mnt/d/Tutorials/[FreeTutorials.Us] Udemy - Complete Java Masterclass - updated for Java 10/2. Setup/2. Install JDK 10 on Windows.mp4 | length=288.512 | time=222.33333333333
[Monday/September 23/09/2024 20:47:30] /mnt/d/Tutorials/[FreeTutorials.Us] Udemy - Complete Java Masterclass - updated for Java 10/2. Setup/9. Install and Configure Intellij on Linux.mp4 | length=579.605 | time=532.13333333333
[Monday/September 23/09/2024 20:47:30] /mnt/d/Tutorials/[FreeTutorials.Us] Udemy - Complete Java Masterclass - updated for Java 10/2. Setup/9. Install and Configure Intellij on Linux.mp4 | length=579.605 | time=0
[Monday/September 23/09/2024 20:47:43] /mnt/d/Tutorials/[FreeTutorials.Us] Udemy - Complete Java Masterclass - updated for Java 10/3. First Steps/1. Introduction.mp4 | length=37.162 | time=12.766666666667
[Monday/September 23/09/2024 20:47:43] /mnt/d/Tutorials/[FreeTutorials.Us] Udemy - Complete Java Masterclass - updated for Java 10/3. First Steps/1. Introduction.mp4 | length=37.162 | time=0
[Monday/September 23/09/2024 20:48:02] /mnt/d/Tutorials/[FreeTutorials.Us] Udemy - Complete Java Masterclass - updated for Java 10/4. Variables, Datatypes and Operators/1. Introduction.mp4 | length=27.157 | time=21.766666666667
[Monday/September 23/09/2024 20:48:02] /mnt/d/Tutorials/[FreeTutorials.Us] Udemy - Complete Java Masterclass - updated for Java 10/4. Variables, Datatypes and Operators/1. Introduction.mp4 | length=27.157 | time=0
[Monday/September 23/09/2024 20:48:13] /mnt/d/Tutorials/[FreeTutorials.Us] Udemy - Complete Java Masterclass - updated for Java 10/4. Variables, Datatypes and Operators/2. What Are Variables.mp4 | length=913.77 | time=3.3
[Monday/September 23/09/2024 20:48:13] /mnt/d/Tutorials/[FreeTutorials.Us] Udemy - Complete Java Masterclass - updated for Java 10/4. Variables, Datatypes and Operators/2. What Are Variables.mp4 | length=913.77 | time=0
[Monday/September 23/09/2024 22:31:50] /mnt/d/Tutorials/[FreeTutorials.Us] Udemy - Complete Java Masterclass - updated for Java 10/4. Variables, Datatypes and Operators/3. Getting To Know Primitive Data Types - The Byte, Short, Int And Long.mp4 | length=1125.141 | time=1012.0333333333
[Tuesday/September 24/09/2024 02:49:00] /mnt/d/Tutorials/[FreeTutorials.Us] Udemy - Complete Java Masterclass - updated for Java 10/4. Variables, Datatypes and Operators/3. Getting To Know Primitive Data Types - The Byte, Short, Int And Long.mp4 | length=1125.141 | time=1013.3666666667
[Tuesday/September 24/09/2024 11:05:59] /mnt/d/server/Media/tv/Game.of.Thrones.Complete.Series.Season.1.2.3.4.5.6.7.8.x264.720p/Season 6/GoT.S06E06.Blood.of.My.Blood.720p.mkv | length=3087.616 | time=2694.989
[Tuesday/September 24/09/2024 12:09:24] /mnt/d/server/Media/tv/Game.of.Thrones.Complete.Series.Season.1.2.3.4.5.6.7.8.x264.720p/Season 6/GoT.S06E10.The.Winds.of.Winter.720p.mkv | length=4081.44 | time=1341.011
[Wednesday/September 25/09/2024 19:13:12] /home/im7ls/Downloads/Video-63.mp4 | length=9.1936961451247 | time=8.1666666666667
[Wednesday/September 25/09/2024 19:19:16] /home/im7ls/Downloads/untitled.png | length=0 | time=0
[Thursday/September 26/09/2024 21:43:11] Udemy - Complete Java 10 Masterclass/1. Introduction/1. Getting Started With This Course.mp4 | length=478.741 | time=0
[Thursday/September 26/09/2024 21:43:41] Udemy - Complete Java 10 Masterclass/4. Variables, Datatypes and Operators/1. Introduction.mp4 | length=27.157 | time=0
[Thursday/September 26/09/2024 21:43:58] Udemy - Complete Java 10 Masterclass/22. Java 9 Module System/1. Introduction to Modules.mp4 | length=381.696 | time=379.52
[Thursday/September 26/09/2024 21:43:58] Udemy - Complete Java 10 Masterclass/22. Java 9 Module System/1. Introduction to Modules.mp4 | length=381.696 | time=0
[Thursday/September 26/09/2024 21:44:02] Udemy - Complete Java 10 Masterclass/22. Java 9 Module System/2. Module Declarations and Statements.mp4 | length=128.49 | time=0
[Thursday/September 26/09/2024 21:44:03] Udemy - Complete Java 10 Masterclass/22. Java 9 Module System/3. Module Types.mp4 | length=339.541 | time=0
[Thursday/September 26/09/2024 21:45:42] /mnt/d/Tutorials/Udemy - Complete Java 10 Masterclass/22. Java 9 Module System/3. Module Types.mp4 | length=339.541 | time=1.0333333333333
[Thursday/September 26/09/2024 21:45:42] /mnt/d/Tutorials/Udemy - Complete Java 10 Masterclass/22. Java 9 Module System/3. Module Types.mp4 | length=339.541 | time=0
[Thursday/September 26/09/2024 21:45:54] /mnt/d/Tutorials/Udemy - Complete Java 10 Masterclass/7. OOP Part 1 - Classes, Constructors and Inheritance/1. Introduction.mp4 | length=36.778 | time=0
[Thursday/September 26/09/2024 21:45:58] /mnt/d/Tutorials/Udemy - Complete Java 10 Masterclass/6. Control Flow Statements/1. Introduction.mp4 | length=38.442 | time=0
[Thursday/September 26/09/2024 21:46:04] /mnt/d/Tutorials/Udemy - Complete Java 10 Masterclass/5. Java Tutorial Expressions, Statements, Code blocks, Methods and more/1. Introduction.mp4 | length=31.722 | time=0
[Thursday/September 26/09/2024 21:47:34] /mnt/d/Tutorials/Udemy - Complete Java 10 Masterclass/1. Introduction/1. Getting Started With This Course.mp4 | length=478.741 | time=13.433333333333
[Thursday/September 26/09/2024 21:47:44] /mnt/d/Tutorials/Udemy - Complete Java 10 Masterclass/16. Concurrency in Java/1. Concurrency and Threads Introduction.mp4 | length=419.605 | time=9.0333333333333
[Thursday/September 26/09/2024 21:47:45] /mnt/d/Tutorials/Udemy - Complete Java 10 Masterclass/16. Concurrency in Java/1. Concurrency and Threads Introduction.mp4 | length=419.605 | time=0
[Thursday/September 26/09/2024 21:47:53] /mnt/d/Tutorials/Udemy - Complete Java 10 Masterclass/15. Basic Input & Output including java.util/1. Exceptions.mp4 | length=840.405 | time=0
[Thursday/September 26/09/2024 21:49:24] /mnt/d/Tutorials/Udemy - Complete Java 10 Masterclass/14. JavaFX/1. Introduction.mp4 | length=1051.626 | time=5.7
[Thursday/September 26/09/2024 21:49:24] /mnt/d/Tutorials/Udemy - Complete Java 10 Masterclass/14. JavaFX/1. Introduction.mp4 | length=1051.626 | time=0
[Thursday/September 26/09/2024 21:49:30] /mnt/d/Tutorials/Udemy - Complete Java 10 Masterclass/4. Variables, Datatypes and Operators/1. Introduction.mp4 | length=27.157 | time=23.3
[Sunday/October 06/10/2024 20:26:02] /mnt/d/Tutorials/Udemy - Complete Java 10 Masterclass/1. Introduction/1. Getting Started With This Course.mp4 | length=478.741 | time=1.7
[Sunday/October 06/10/2024 20:26:02] /mnt/d/Tutorials/Udemy - Complete Java 10 Masterclass/1. Introduction/1. Getting Started With This Course.mp4 | length=478.741 | time=0
[Sunday/October 06/10/2024 20:26:20] /mnt/d/Tutorials/Udemy - Complete Java 10 Masterclass/4. Variables, Datatypes and Operators/1. Introduction.mp4 | length=27.157 | time=25.8
[Sunday/October 06/10/2024 20:26:20] /mnt/d/Tutorials/Udemy - Complete Java 10 Masterclass/4. Variables, Datatypes and Operators/1. Introduction.mp4 | length=27.157 | time=0
[Sunday/October 06/10/2024 20:27:21] /mnt/d/Tutorials/Udemy - Complete Java 10 Masterclass/4. Variables, Datatypes and Operators/2. What Are Variables.mp4 | length=913.77 | time=913.77
[Sunday/October 06/10/2024 20:27:21] /mnt/d/Tutorials/Udemy - Complete Java 10 Masterclass/4. Variables, Datatypes and Operators/2. What Are Variables.mp4 | length=913.77 | time=0
[Sunday/October 06/10/2024 20:43:42] /mnt/d/Tutorials/Udemy - Complete Java 10 Masterclass/4. Variables, Datatypes and Operators/3. Getting To Know Primitive Data Types - The Byte, Short, Int And Long.mp4 | length=1125.141 | time=321.1
[Sunday/October 06/10/2024 20:43:42] /mnt/d/Tutorials/Udemy - Complete Java 10 Masterclass/4. Variables, Datatypes and Operators/3. Getting To Know Primitive Data Types - The Byte, Short, Int And Long.mp4 | length=1125.141 | time=0
[Sunday/October 06/10/2024 20:43:57] /mnt/d/Tutorials/Udemy - Complete Java 10 Masterclass/4. Variables, Datatypes and Operators/4. Getting To Know Primitive Data Types - Float And Double.mp4 | length=777.664 | time=1.1
[Sunday/October 06/10/2024 20:44:25] /mnt/d/Tutorials/Udemy - Complete Java 10 Masterclass/4. Variables, Datatypes and Operators/4. Getting To Know Primitive Data Types - Float And Double.mp4 | length=777.664 | time=80.5
[Sunday/October 06/10/2024 20:46:16] /mnt/d/Tutorials/Udemy - Complete Java 10 Masterclass/4. Variables, Datatypes and Operators/4. Getting To Know Primitive Data Types - Float And Double.mp4 | length=777.664 | time=0
[Sunday/October 20/10/2024 09:39:08] ./00001.mp4 | length=1301.9733333333 | time=1.4
[Sunday/October 20/10/2024 09:39:15] ./00002.mp4 | length=506.28266666667 | time=0
[Sunday/October 20/10/2024 09:39:16] ./00003.mp4 | length=963.11466666667 | time=0
[Sunday/October 20/10/2024 09:39:28] ./00004.mp4 | length=613.568 | time=1.6333333333333
[Sunday/October 20/10/2024 09:45:27] /mnt/d/Tutorials/Neetcode/Advanced Algorithms/8. Segment Tree.mp4 | length=1634.176 | time=1.5333333333333
[Sunday/October 20/10/2024 09:45:33] /mnt/d/Tutorials/Neetcode/Advanced Algorithms/0.1.Sliding Window Fixed Size | length=506.28266666667 | time=1.2666666666667
[Sunday/October 20/10/2024 09:46:36] ./0.1.Sliding Window Fixed Size | length=506.28266666667 | time=6.8
[Sunday/October 20/10/2024 09:48:02] ./0.Kadanes Algorithm | length=1301.9733333333 | time=9.7333333333333
[Sunday/October 20/10/2024 10:55:51] ./0.Kadanes Algorithm | length=1301.9733333333 | time=13.066666666667
[Sunday/October 20/10/2024 10:55:52] ./1.Sliding Window Fixed Size | length=506.28266666667 | time=0
