1727015633,,,/run/media/im7ls/Data/server/Media/tv/Game.of.Thrones.Complete.Series.Season.1.2.3.4.5.6.7.8.x264.720p/Season 2/GoT.S02E02.The.Night.Lands.720p.mkv,160
1727015905,,,/run/media/im7ls/Data/server/Media/tv/Game.of.Thrones.Complete.Series.Season.1.2.3.4.5.6.7.8.x264.720p/Season 2/GoT.S02E03.What.Is.Dead.May.Never.Die.720p.mkv,171
1727015942,31,Game Of Thrones Season 5 Disc 2,/run/media/im7ls/Data/server/Media/tv/Game.of.Thrones.Complete.Series.Season.1.2.3.4.5.6.7.8.x264.720p/Season 5/GoT.S05E03.High.Sparrow.720p.mkv,190
1727016928,,,/run/media/im7ls/Data/server/Media/tv/The.Office.US.Complete.Series.+Extras.720p.BrRip.EN-SUB.x264-[MULVAcoded]/Season.6/The.Office.S06E10.Murder.720p.BrRip.x264-[MULVAcoded].mkv,191
1727016928,,,/run/media/im7ls/Data/server/Media/tv/The.Office.US.Complete.Series.+Extras.720p.BrRip.EN-SUB.x264-[MULVAcoded]/Season.6/The.Office.S06E10.Murder.720p.BrRip.x264-[MULVAcoded].mkv,191
1727016943,,,/run/media/im7ls/Data/server/Media/tv/The.Office.US.Complete.Series.+Extras.720p.BrRip.EN-SUB.x264-[MULVAcoded]/Season.6/The.Office.S06E10.Murder.720p.BrRip.x264-[MULVAcoded].mkv,191
1727017397,31,Game Of Thrones Season 5 Disc 3,/run/media/im7ls/Data/server/Media/tv/Game.of.Thrones.Complete.Series.Season.1.2.3.4.5.6.7.8.x264.720p/Season 5/GoT.S05E07.The.Gift.720p.mkv,186
1727017812,31,Game Of Thrones Season 5 Disc 2,/run/media/im7ls/Data/server/Media/tv/Game.of.Thrones.Complete.Series.Season.1.2.3.4.5.6.7.8.x264.720p/Season 5/GoT.S05E03.High.Sparrow.720p.mkv,190
1727017840,,,/run/media/im7ls/Data/server/Media/tv/Game.of.Thrones.Complete.Series.Season.1.2.3.4.5.6.7.8.x264.720p/Season 4/GoT.S04E09.The.Watchers.on.the.Wall.720p.mkv,169
1727017949,,,/run/media/im7ls/Data/server/Media/tv/Game.of.Thrones.Complete.Series.Season.1.2.3.4.5.6.7.8.x264.720p/Season 4/GoT.S04E07.Mockingbird.720p.mkv,156
1727017976,,,/run/media/im7ls/Data/server/Media/tv/Game.of.Thrones.Complete.Series.Season.1.2.3.4.5.6.7.8.x264.720p/Season 4/GoT.S04E08.The.Mountain.and.the.Viper.720p.mkv,171
1727019356,,,/run/media/im7ls/Data/server/Media/tv/Game.of.Thrones.Complete.Series.Season.1.2.3.4.5.6.7.8.x264.720p/Season 4/GoT.S04E07.Mockingbird.720p.mkv,156
1727019421,,,/run/media/im7ls/Data/server/Media/tv/Game.of.Thrones.Complete.Series.Season.1.2.3.4.5.6.7.8.x264.720p/Season 4/GoT.S04E08.The.Mountain.and.the.Viper.720p.mkv,171
1727019545,31,Game Of Thrones Season 5 Disc 4,/run/media/im7ls/Data/server/Media/tv/Game.of.Thrones.Complete.Series.Season.1.2.3.4.5.6.7.8.x264.720p/Season 5/GoT.S05E10.Mother's.Mercy.720p.mkv,192
1727019550,31,Game Of Thrones Season 5 Disc 4,/run/media/im7ls/Data/server/Media/tv/Game.of.Thrones.Complete.Series.Season.1.2.3.4.5.6.7.8.x264.720p/Season 5/GoT.S05E10.Mother's.Mercy.720p.mkv,192
1727019740,31,Game Of Thrones Season 6 Disc 1,/run/media/im7ls/Data/server/Media/tv/Game.of.Thrones.Complete.Series.Season.1.2.3.4.5.6.7.8.x264.720p/Season 6/GoT.S06E03.Oathbreaker.720p.mkv,189
1727019777,31,Game Of Thrones Season 6 Disc 1,/run/media/im7ls/Data/server/Media/tv/Game.of.Thrones.Complete.Series.Season.1.2.3.4.5.6.7.8.x264.720p/Season 6/GoT.S06E01.The.Red.Woman.720p.mkv,191
1727019779,,,/run/media/im7ls/Data/server/Media/tv/Game.of.Thrones.Complete.Series.Season.1.2.3.4.5.6.7.8.x264.720p/Season 6/GoT.S06E04.Book.of.the.Stranger.720p.mkv,165
1727019780,,,/run/media/im7ls/Data/server/Media/tv/Game.of.Thrones.Complete.Series.Season.1.2.3.4.5.6.7.8.x264.720p/Season 6/GoT.S06E05.The.Door.720p.mkv,153
1727019780,31,Game Of Thrones Season 6 Disc 1,/run/media/im7ls/Data/server/Media/tv/Game.of.Thrones.Complete.Series.Season.1.2.3.4.5.6.7.8.x264.720p/Season 6/GoT.S06E01.The.Red.Woman.720p.mkv,191
1727019784,31,Game Of Thrones Season 6 Disc 3,/run/media/im7ls/Data/server/Media/tv/Game.of.Thrones.Complete.Series.Season.1.2.3.4.5.6.7.8.x264.720p/Season 6/GoT.S06E06.Blood.of.My.Blood.720p.mkv,195
1727019894,31,Game Of Thrones Season 6 Disc 3,/run/media/im7ls/Data/server/Media/tv/Game.of.Thrones.Complete.Series.Season.1.2.3.4.5.6.7.8.x264.720p/Season 6/GoT.S06E06.Blood.of.My.Blood.720p.mkv,195
1727020135,31,Game Of Thrones Season 6 Disc 3,/run/media/im7ls/Data/server/Media/tv/Game.of.Thrones.Complete.Series.Season.1.2.3.4.5.6.7.8.x264.720p/Season 6/GoT.S06E06.Blood.of.My.Blood.720p.mkv,195
1727020218,31,Game Of Thrones Season 6 Disc 1,/run/media/im7ls/Data/server/Media/tv/Game.of.Thrones.Complete.Series.Season.1.2.3.4.5.6.7.8.x264.720p/Season 6/GoT.S06E01.The.Red.Woman.720p.mkv,191
1727020234,31,Game Of Thrones Season 6 Disc 1,/run/media/im7ls/Data/server/Media/tv/Game.of.Thrones.Complete.Series.Season.1.2.3.4.5.6.7.8.x264.720p/Season 6/GoT.S06E02.Home.720p.mkv,182
1727020240,31,Game Of Thrones Season 6 Disc 1,/run/media/im7ls/Data/server/Media/tv/Game.of.Thrones.Complete.Series.Season.1.2.3.4.5.6.7.8.x264.720p/Season 6/GoT.S06E02.Home.720p.mkv,182
1727020265,31,Game Of Thrones Season 6 Disc 3,/run/media/im7ls/Data/server/Media/tv/Game.of.Thrones.Complete.Series.Season.1.2.3.4.5.6.7.8.x264.720p/Season 6/GoT.S06E08.No.One.720p.mkv,184
1727020287,31,Game Of Thrones Season 5 Disc 2,/run/media/im7ls/Data/server/Media/tv/Game.of.Thrones.Complete.Series.Season.1.2.3.4.5.6.7.8.x264.720p/Season 5/GoT.S05E03.High.Sparrow.720p.mkv,190
1727020293,31,Game Of Thrones Season 5 Disc 1,/run/media/im7ls/Data/server/Media/tv/Game.of.Thrones.Complete.Series.Season.1.2.3.4.5.6.7.8.x264.720p/Season 5/GoT.S05E01.The.Wars.To.Come.720p.mkv,194
1727020300,31,Game Of Thrones Season 5 Disc 2,/run/media/im7ls/Data/server/Media/tv/Game.of.Thrones.Complete.Series.Season.1.2.3.4.5.6.7.8.x264.720p/Season 5/GoT.S05E04.Sons.Of.The.Harpy.720p.mkv,195
1727020303,31,Game Of Thrones Season 5 Disc 2,/run/media/im7ls/Data/server/Media/tv/Game.of.Thrones.Complete.Series.Season.1.2.3.4.5.6.7.8.x264.720p/Season 5/GoT.S05E05.Kill.The.Boy.720p.mkv,190
1727020307,31,Game Of Thrones Season 5 Disc 3,/run/media/im7ls/Data/server/Media/tv/Game.of.Thrones.Complete.Series.Season.1.2.3.4.5.6.7.8.x264.720p/Season 5/GoT.S05E06.Unbowed.Unbent.Unbroken.720p.mkv,201
1727020318,31,Game Of Thrones Season 5 Disc 1,/run/media/im7ls/Data/server/Media/tv/Game.of.Thrones.Complete.Series.Season.1.2.3.4.5.6.7.8.x264.720p/Season 5/GoT.S05E01.The.Wars.To.Come.720p.mkv,194
1727020321,31,Game Of Thrones Season 5 Disc 3,/run/media/im7ls/Data/server/Media/tv/Game.of.Thrones.Complete.Series.Season.1.2.3.4.5.6.7.8.x264.720p/Season 5/GoT.S05E07.The.Gift.720p.mkv,186
1727020327,31,Game Of Thrones Season 5 Disc 1,/run/media/im7ls/Data/server/Media/tv/Game.of.Thrones.Complete.Series.Season.1.2.3.4.5.6.7.8.x264.720p/Season 5/GoT.S05E02.The.House.Of.Black.And.White.720p.mkv,206
1727020331,31,Game Of Thrones Season 5 Disc 3,/run/media/im7ls/Data/server/Media/tv/Game.of.Thrones.Complete.Series.Season.1.2.3.4.5.6.7.8.x264.720p/Season 5/GoT.S05E08.Hardhome.720p.mkv,186
1727020333,31,Game Of Thrones Season 5 Disc 4,/run/media/im7ls/Data/server/Media/tv/Game.of.Thrones.Complete.Series.Season.1.2.3.4.5.6.7.8.x264.720p/Season 5/GoT.S05E09.The.Dance.Of.Dragons.720p.mkv,198
1727020337,31,Game Of Thrones Season 5 Disc 2,/run/media/im7ls/Data/server/Media/tv/Game.of.Thrones.Complete.Series.Season.1.2.3.4.5.6.7.8.x264.720p/Season 5/GoT.S05E04.Sons.Of.The.Harpy.720p.mkv,195
1727020339,31,Game Of Thrones Season 5 Disc 4,/run/media/im7ls/Data/server/Media/tv/Game.of.Thrones.Complete.Series.Season.1.2.3.4.5.6.7.8.x264.720p/Season 5/GoT.S05E10.Mother's.Mercy.720p.mkv,192
1727020342,31,Game Of Thrones Season 5 Disc 2,/run/media/im7ls/Data/server/Media/tv/Game.of.Thrones.Complete.Series.Season.1.2.3.4.5.6.7.8.x264.720p/Season 5/GoT.S05E05.Kill.The.Boy.720p.mkv,190
1727020345,31,Game Of Thrones Season 5 Disc 3,/run/media/im7ls/Data/server/Media/tv/Game.of.Thrones.Complete.Series.Season.1.2.3.4.5.6.7.8.x264.720p/Season 5/GoT.S05E06.Unbowed.Unbent.Unbroken.720p.mkv,201
1727020348,31,Game Of Thrones Season 5 Disc 2,/run/media/im7ls/Data/server/Media/tv/Game.of.Thrones.Complete.Series.Season.1.2.3.4.5.6.7.8.x264.720p/Season 5/GoT.S05E05.Kill.The.Boy.720p.mkv,190
1727020350,31,Game Of Thrones Season 5 Disc 4,/run/media/im7ls/Data/server/Media/tv/Game.of.Thrones.Complete.Series.Season.1.2.3.4.5.6.7.8.x264.720p/Season 5/GoT.S05E10.Mother's.Mercy.720p.mkv,192
1727020355,31,Game Of Thrones Season 5 Disc 2,/run/media/im7ls/Data/server/Media/tv/Game.of.Thrones.Complete.Series.Season.1.2.3.4.5.6.7.8.x264.720p/Season 5/GoT.S05E05.Kill.The.Boy.720p.mkv,190
1727020356,31,Game Of Thrones Season 5 Disc 3,/run/media/im7ls/Data/server/Media/tv/Game.of.Thrones.Complete.Series.Season.1.2.3.4.5.6.7.8.x264.720p/Season 5/GoT.S05E06.Unbowed.Unbent.Unbroken.720p.mkv,201
1727020360,31,Game Of Thrones Season 5 Disc 3,/run/media/im7ls/Data/server/Media/tv/Game.of.Thrones.Complete.Series.Season.1.2.3.4.5.6.7.8.x264.720p/Season 5/GoT.S05E07.The.Gift.720p.mkv,186
1727020370,31,Game Of Thrones Season 6 Disc 1,/run/media/im7ls/Data/server/Media/tv/Game.of.Thrones.Complete.Series.Season.1.2.3.4.5.6.7.8.x264.720p/Season 6/GoT.S06E02.Home.720p.mkv,182
1727020375,31,Game Of Thrones Season 6 Disc 1,/run/media/im7ls/Data/server/Media/tv/Game.of.Thrones.Complete.Series.Season.1.2.3.4.5.6.7.8.x264.720p/Season 6/GoT.S06E01.The.Red.Woman.720p.mkv,191
1727020378,31,Game Of Thrones Season 6 Disc 1,/run/media/im7ls/Data/server/Media/tv/Game.of.Thrones.Complete.Series.Season.1.2.3.4.5.6.7.8.x264.720p/Season 6/GoT.S06E01.The.Red.Woman.720p.mkv,191
1727020380,31,Game Of Thrones Season 6 Disc 1,/run/media/im7ls/Data/server/Media/tv/Game.of.Thrones.Complete.Series.Season.1.2.3.4.5.6.7.8.x264.720p/Season 6/GoT.S06E03.Oathbreaker.720p.mkv,189
1727020383,31,Game Of Thrones Season 6 Disc 1,/run/media/im7ls/Data/server/Media/tv/Game.of.Thrones.Complete.Series.Season.1.2.3.4.5.6.7.8.x264.720p/Season 6/GoT.S06E03.Oathbreaker.720p.mkv,189
1727020386,,,/run/media/im7ls/Data/server/Media/tv/Game.of.Thrones.Complete.Series.Season.1.2.3.4.5.6.7.8.x264.720p/Season 6/GoT.S06E04.Book.of.the.Stranger.720p.mkv,165
1727020404,,,/run/media/im7ls/Data/server/Media/tv/Game.of.Thrones.Complete.Series.Season.1.2.3.4.5.6.7.8.x264.720p/Season 6/GoT.S06E04.Book.of.the.Stranger.720p.mkv,165
1727020415,,,/run/media/im7ls/Data/server/Media/tv/Game.of.Thrones.Complete.Series.Season.1.2.3.4.5.6.7.8.x264.720p/Season 6/GoT.S06E05.The.Door.720p.mkv,153
1727020418,,,/run/media/im7ls/Data/server/Media/tv/Game.of.Thrones.Complete.Series.Season.1.2.3.4.5.6.7.8.x264.720p/Season 6/GoT.S06E05.The.Door.720p.mkv,153
1727020427,31,Game Of Thrones Season 6 Disc 3,/run/media/im7ls/Data/server/Media/tv/Game.of.Thrones.Complete.Series.Season.1.2.3.4.5.6.7.8.x264.720p/Season 6/GoT.S06E06.Blood.of.My.Blood.720p.mkv,195
1727020442,31,Game Of Thrones Season 6 Disc 3,/run/media/im7ls/Data/server/Media/tv/Game.of.Thrones.Complete.Series.Season.1.2.3.4.5.6.7.8.x264.720p/Season 6/GoT.S06E06.Blood.of.My.Blood.720p.mkv,195
1727020451,31,Game Of Thrones Season 6 Disc 3,/run/media/im7ls/Data/server/Media/tv/Game.of.Thrones.Complete.Series.Season.1.2.3.4.5.6.7.8.x264.720p/Season 6/GoT.S06E07.The.Broken.Man.720p.mkv,192
1727020508,31,Game Of Thrones Season 6 Disc 3,/run/media/im7ls/Data/server/Media/tv/Game.of.Thrones.Complete.Series.Season.1.2.3.4.5.6.7.8.x264.720p/Season 6/GoT.S06E07.The.Broken.Man.720p.mkv,192
1727020574,31,Game Of Thrones Season 6 Disc 3,/run/media/im7ls/Data/server/Media/tv/Game.of.Thrones.Complete.Series.Season.1.2.3.4.5.6.7.8.x264.720p/Season 6/GoT.S06E08.No.One.720p.mkv,184
1727020582,31,Game Of Thrones Season 6 Disc 3,/run/media/im7ls/Data/server/Media/tv/Game.of.Thrones.Complete.Series.Season.1.2.3.4.5.6.7.8.x264.720p/Season 6/GoT.S06E08.No.One.720p.mkv,184
1727020587,31,Game Of Thrones Season 6 Disc 4,/run/media/im7ls/Data/server/Media/tv/Game.of.Thrones.Complete.Series.Season.1.2.3.4.5.6.7.8.x264.720p/Season 6/GoT.S06E09.Battle.of.the.Bastards.720p.mkv,200
1727020591,31,Game Of Thrones Season 6 Disc 4,/run/media/im7ls/Data/server/Media/tv/Game.of.Thrones.Complete.Series.Season.1.2.3.4.5.6.7.8.x264.720p/Season 6/GoT.S06E09.Battle.of.the.Bastards.720p.mkv,200
1727020595,31,Game Of Thrones Season 6 Disc 4,/run/media/im7ls/Data/server/Media/tv/Game.of.Thrones.Complete.Series.Season.1.2.3.4.5.6.7.8.x264.720p/Season 6/GoT.S06E10.The.Winds.of.Winter.720p.mkv,197
1727020599,31,Game Of Thrones Season 6 Disc 4,/run/media/im7ls/Data/server/Media/tv/Game.of.Thrones.Complete.Series.Season.1.2.3.4.5.6.7.8.x264.720p/Season 6/GoT.S06E10.The.Winds.of.Winter.720p.mkv,197
1727104558,19,"Udemy Video Asset",/mnt/d/Tutorials/[FreeTutorials.Us] Udemy - Complete Java Masterclass - updated for Java 10/1. Introduction/1. Getting Started With This Course.mp4,181
1727104563,19,"Udemy Video Asset",/mnt/d/Tutorials/[FreeTutorials.Us] Udemy - Complete Java Masterclass - updated for Java 10/1. Introduction/1. Getting Started With This Course.mp4,181
1727104581,,,/mnt/d/Tutorials/[FreeTutorials.Us] Udemy - Complete Java Masterclass - updated for Java 10/2. Setup/1. Which version of Java should you use.mp4,157
1727104588,,,/mnt/d/Tutorials/[FreeTutorials.Us] Udemy - Complete Java Masterclass - updated for Java 10/2. Setup/2. Install JDK 10 on Windows.mp4,146
1727104616,,,/mnt/d/Tutorials/[FreeTutorials.Us] Udemy - Complete Java Masterclass - updated for Java 10/2. Setup/9. Install and Configure Intellij on Linux.mp4,160
1727104650,19,"Udemy Video Asset",/mnt/d/Tutorials/[FreeTutorials.Us] Udemy - Complete Java Masterclass - updated for Java 10/3. First Steps/1. Introduction.mp4,160
1727104664,19,"Udemy Video Asset",/mnt/d/Tutorials/[FreeTutorials.Us] Udemy - Complete Java Masterclass - updated for Java 10/4. Variables, Datatypes and Operators/1. Introduction.mp4,183
1727104682,19,"Udemy Video Asset",/mnt/d/Tutorials/[FreeTutorials.Us] Udemy - Complete Java Masterclass - updated for Java 10/4. Variables, Datatypes and Operators/2. What Are Variables.mp4,189
1727104694,19,"Udemy Video Asset",/mnt/d/Tutorials/[FreeTutorials.Us] Udemy - Complete Java Masterclass - updated for Java 10/4. Variables, Datatypes and Operators/3. Getting To Know Primitive Data Types - The Byte, Short, Int And Long.mp4,239
1727110921,19,"Udemy Video Asset",/mnt/d/Tutorials/[FreeTutorials.Us] Udemy - Complete Java Masterclass - updated for Java 10/4. Variables, Datatypes and Operators/3. Getting To Know Primitive Data Types - The Byte, Short, Int And Long.mp4,239
1727156132,31,Game Of Thrones Season 6 Disc 3,/mnt/d/server/Media/tv/Game.of.Thrones.Complete.Series.Season.1.2.3.4.5.6.7.8.x264.720p/Season 6/GoT.S06E06.Blood.of.My.Blood.720p.mkv,180
1727156159,31,Game Of Thrones Season 6 Disc 4,/mnt/d/server/Media/tv/Game.of.Thrones.Complete.Series.Season.1.2.3.4.5.6.7.8.x264.720p/Season 6/GoT.S06E10.The.Winds.of.Winter.720p.mkv,182
1727271774,,,/home/im7ls/Downloads/Video-63.mp4,47
1727271774,,,/home/im7ls/Downloads/Video-63.mp4,47
1727271786,,,/home/im7ls/Downloads/untitled.png,47
1727271791,,,/home/im7ls/Downloads/untitled.png,47
1727367184,19,"Udemy Video Asset",/mnt/d/Tutorials/Udemy - Complete Java 10 Masterclass/1. Introduction/1. Getting Started With This Course.mp4,143
1727367191,19,"Udemy Video Asset",/mnt/d/Tutorials/Udemy - Complete Java 10 Masterclass/4. Variables, Datatypes and Operators/1. Introduction.mp4,145
1727367221,19,"Udemy Video Asset",/mnt/d/Tutorials/Udemy - Complete Java 10 Masterclass/22. Java 9 Module System/1. Introduction to Modules.mp4,143
1727367239,19,"Udemy Video Asset",/mnt/d/Tutorials/Udemy - Complete Java 10 Masterclass/22. Java 9 Module System/2. Module Declarations and Statements.mp4,154
1727367242,19,"Udemy Video Asset",/mnt/d/Tutorials/Udemy - Complete Java 10 Masterclass/22. Java 9 Module System/3. Module Types.mp4,132
1727367330,19,"Udemy Video Asset",/mnt/d/Tutorials/Udemy - Complete Java 10 Masterclass/22. Java 9 Module System/3. Module Types.mp4,132
1727367342,19,"Udemy Video Asset",/mnt/d/Tutorials/Udemy - Complete Java 10 Masterclass/7. OOP Part 1 - Classes, Constructors and Inheritance/1. Introduction.mp4,161
1727367355,19,"Udemy Video Asset",/mnt/d/Tutorials/Udemy - Complete Java 10 Masterclass/6. Control Flow Statements/1. Introduction.mp4,134
1727367359,19,"Udemy Video Asset",/mnt/d/Tutorials/Udemy - Complete Java 10 Masterclass/5. Java Tutorial Expressions, Statements, Code blocks, Methods and more/1. Introduction.mp4,179
1727367364,19,"Udemy Video Asset",/mnt/d/Tutorials/Udemy - Complete Java 10 Masterclass/4. Variables, Datatypes and Operators/1. Introduction.mp4,145
1727367440,19,"Udemy Video Asset",/mnt/d/Tutorials/Udemy - Complete Java 10 Masterclass/1. Introduction/1. Getting Started With This Course.mp4,143
1727367454,19,"Udemy Video Asset",/mnt/d/Tutorials/Udemy - Complete Java 10 Masterclass/16. Concurrency in Java/1. Concurrency and Threads Introduction.mp4,155
1727367465,19,"Udemy Video Asset",/mnt/d/Tutorials/Udemy - Complete Java 10 Masterclass/15. Basic Input & Output including java.util/1. Exceptions.mp4,150
1727367473,19,"Udemy Video Asset",/mnt/d/Tutorials/Udemy - Complete Java 10 Masterclass/14. JavaFX/1. Introduction.mp4,118
1727367564,19,"Udemy Video Asset",/mnt/d/Tutorials/Udemy - Complete Java 10 Masterclass/4. Variables, Datatypes and Operators/1. Introduction.mp4,145
1727367570,19,"Udemy Video Asset",/mnt/d/Tutorials/Udemy - Complete Java 10 Masterclass/4. Variables, Datatypes and Operators/2. What Are Variables.mp4,151
1728226544,19,"Udemy Video Asset",/mnt/d/Tutorials/Udemy - Complete Java 10 Masterclass/1. Introduction/1. Getting Started With This Course.mp4,143
1728226563,19,"Udemy Video Asset",/mnt/d/Tutorials/Udemy - Complete Java 10 Masterclass/4. Variables, Datatypes and Operators/1. Introduction.mp4,145
1728226580,19,"Udemy Video Asset",/mnt/d/Tutorials/Udemy - Complete Java 10 Masterclass/4. Variables, Datatypes and Operators/2. What Are Variables.mp4,151
1728226641,19,"Udemy Video Asset",/mnt/d/Tutorials/Udemy - Complete Java 10 Masterclass/4. Variables, Datatypes and Operators/3. Getting To Know Primitive Data Types - The Byte, Short, Int And Long.mp4,201
1728227622,19,"Udemy Video Asset",/mnt/d/Tutorials/Udemy - Complete Java 10 Masterclass/4. Variables, Datatypes and Operators/4. Getting To Know Primitive Data Types - Float And Double.mp4,188
1728227627,19,"Udemy Video Asset",/mnt/d/Tutorials/Udemy - Complete Java 10 Masterclass/4. Variables, Datatypes and Operators/4. Getting To Know Primitive Data Types - Float And Double.mp4,188
1728227631,19,"Udemy Video Asset",/mnt/d/Tutorials/Udemy - Complete Java 10 Masterclass/4. Variables, Datatypes and Operators/4. Getting To Know Primitive Data Types - Float And Double.mp4,188
1728227634,19,"Udemy Video Asset",/mnt/d/Tutorials/Udemy - Complete Java 10 Masterclass/4. Variables, Datatypes and Operators/4. Getting To Know Primitive Data Types - Float And Double.mp4,188
1728227636,19,"Udemy Video Asset",/mnt/d/Tutorials/Udemy - Complete Java 10 Masterclass/4. Variables, Datatypes and Operators/4. Getting To Know Primitive Data Types - Float And Double.mp4,188
1728227638,19,"Udemy Video Asset",/mnt/d/Tutorials/Udemy - Complete Java 10 Masterclass/4. Variables, Datatypes and Operators/4. Getting To Know Primitive Data Types - Float And Double.mp4,188
1728227638,19,"Udemy Video Asset",/mnt/d/Tutorials/Udemy - Complete Java 10 Masterclass/4. Variables, Datatypes and Operators/4. Getting To Know Primitive Data Types - Float And Double.mp4,188
1728227639,19,"Udemy Video Asset",/mnt/d/Tutorials/Udemy - Complete Java 10 Masterclass/4. Variables, Datatypes and Operators/4. Getting To Know Primitive Data Types - Float And Double.mp4,188
1728227640,19,"Udemy Video Asset",/mnt/d/Tutorials/Udemy - Complete Java 10 Masterclass/4. Variables, Datatypes and Operators/4. Getting To Know Primitive Data Types - Float And Double.mp4,188
1728227666,19,"Udemy Video Asset",/mnt/d/Tutorials/Udemy - Complete Java 10 Masterclass/4. Variables, Datatypes and Operators/4. Getting To Know Primitive Data Types - Float And Double.mp4,188
1728227776,19,"Udemy Video Asset",/mnt/d/Tutorials/Udemy - Complete Java 10 Masterclass/4. Variables, Datatypes and Operators/4. Getting To Know Primitive Data Types - Float And Double.mp4,188
1729397342,,,/mnt/d/Tutorials/Neetcode/Advanced Algorithms/./00001.mp4,70
1729397349,,,/mnt/d/Tutorials/Neetcode/Advanced Algorithms/./00002.mp4,70
1729397352,,,/mnt/d/Tutorials/Neetcode/Advanced Algorithms/./00003.mp4,70
1729397353,,,/mnt/d/Tutorials/Neetcode/Advanced Algorithms/./00002.mp4,70
1729397355,,,/mnt/d/Tutorials/Neetcode/Advanced Algorithms/./00003.mp4,70
1729397356,,,/mnt/d/Tutorials/Neetcode/Advanced Algorithms/./00004.mp4,70
1729397725,,,/mnt/d/Tutorials/Neetcode/Advanced Algorithms/8. Segment Tree.mp4,78
1729397731,,,/mnt/d/Tutorials/Neetcode/Advanced Algorithms/0.1.Sliding Window Fixed Size,88
1729397787,,,/mnt/d/Tutorials/Neetcode/Advanced Algorithms/./0.1.Sliding Window Fixed Size,90
1729397796,,,/mnt/d/Tutorials/Neetcode/Advanced Algorithms/./0.Kadanes Algorithm,80
1729397886,,,/mnt/d/Tutorials/Neetcode/Advanced Algorithms/./0.Kadanes Algorithm,80
1729401952,,,/mnt/d/Tutorials/Neetcode/Advanced Algorithms/./1.Sliding Window Fixed Size,88
